[  2673.074] (--) Log file renamed from "/home/manoher/.local/share/xorg/Xorg.pid-2468.log" to "/home/manoher/.local/share/xorg/Xorg.0.log"
[  2673.076] 
X.Org X Server 1.19.6
Release Date: 2017-12-20
[  2673.076] X Protocol Version 11, Revision 0
[  2673.076] Build Operating System: Linux 4.4.0-119-generic x86_64 Ubuntu
[  2673.076] Current Operating System: Linux manoher-VirtualBox 4.15.0-29-generic #31-Ubuntu SMP Tue Jul 17 15:39:52 UTC 2018 x86_64
[  2673.076] Kernel command line: BOOT_IMAGE=/boot/vmlinuz-4.15.0-29-generic root=UUID=7cb19fed-221f-410c-8a13-a005e50610a4 ro quiet splash
[  2673.076] Build Date: 13 April 2018  08:07:36PM
[  2673.076] xorg-server 2:1.19.6-1ubuntu4 (For technical support please see http://www.ubuntu.com/support) 
[  2673.076] Current version of pixman: 0.34.0
[  2673.076] 	Before reporting problems, check http://wiki.x.org
	to make sure that you have the latest version.
[  2673.076] Markers: (--) probed, (**) from config file, (==) default setting,
	(++) from command line, (!!) notice, (II) informational,
	(WW) warning, (EE) error, (NI) not implemented, (??) unknown.
[  2673.076] (==) Log file: "/home/manoher/.local/share/xorg/Xorg.0.log", Time: Fri Nov 23 13:43:40 2018
[  2673.076] (==) Using system config directory "/usr/share/X11/xorg.conf.d"
[  2673.078] (==) No Layout section.  Using the first Screen section.
[  2673.079] (==) No screen section available. Using defaults.
[  2673.079] (**) |-->Screen "Default Screen Section" (0)
[  2673.079] (**) |   |-->Monitor "<default monitor>"
[  2673.080] (==) No monitor specified for screen "Default Screen Section".
	Using a default monitor configuration.
[  2673.080] (==) Automatically adding devices
[  2673.080] (==) Automatically enabling devices
[  2673.080] (==) Automatically adding GPU devices
[  2673.080] (==) Automatically binding GPU devices
[  2673.081] (==) Max clients allowed: 256, resource mask: 0x1fffff
[  2673.083] (WW) The directory "/usr/share/fonts/X11/cyrillic" does not exist.
[  2673.083] 	Entry deleted from font path.
[  2673.083] (WW) The directory "/usr/share/fonts/X11/100dpi/" does not exist.
[  2673.083] 	Entry deleted from font path.
[  2673.083] (WW) The directory "/usr/share/fonts/X11/75dpi/" does not exist.
[  2673.083] 	Entry deleted from font path.
[  2673.085] (WW) The directory "/usr/share/fonts/X11/100dpi" does not exist.
[  2673.085] 	Entry deleted from font path.
[  2673.085] (WW) The directory "/usr/share/fonts/X11/75dpi" does not exist.
[  2673.085] 	Entry deleted from font path.
[  2673.085] (==) FontPath set to:
	/usr/share/fonts/X11/misc,
	/usr/share/fonts/X11/Type1,
	built-ins
[  2673.085] (==) ModulePath set to "/usr/lib/xorg/modules"
[  2673.085] (II) The server relies on udev to provide the list of input devices.
	If no devices become available, reconfigure udev or disable AutoAddDevices.
[  2673.086] (II) Loader magic: 0x560bccce1020
[  2673.086] (II) Module ABI versions:
[  2673.086] 	X.Org ANSI C Emulation: 0.4
[  2673.086] 	X.Org Video Driver: 23.0
[  2673.086] 	X.Org XInput driver : 24.1
[  2673.086] 	X.Org Server Extension : 10.0
[  2673.096] (++) using VT number 2

[  2673.101] (II) systemd-logind: took control of session /org/freedesktop/login1/session/_33
[  2673.102] (II) xfree86: Adding drm device (/dev/dri/card0)
[  2673.103] (II) systemd-logind: got fd for /dev/dri/card0 226:0 fd 12 paused 0
[  2673.105] (--) PCI:*(0:0:2:0) 80ee:beef:0000:0000 rev 0, Mem @ 0xe0000000/16777216, BIOS @ 0x????????/131072
[  2673.105] (II) LoadModule: "glx"
[  2673.105] (II) Loading /usr/lib/xorg/modules/extensions/libglx.so
[  2673.114] (II) Module glx: vendor="X.Org Foundation"
[  2673.114] 	compiled for 1.19.6, module version = 1.0.0
[  2673.114] 	ABI class: X.Org Server Extension, version 10.0
[  2673.114] (==) Matched vboxvideo as autoconfigured driver 0
[  2673.114] (==) Matched vboxvideo as autoconfigured driver 1
[  2673.114] (==) Matched modesetting as autoconfigured driver 2
[  2673.114] (==) Matched fbdev as autoconfigured driver 3
[  2673.114] (==) Matched vesa as autoconfigured driver 4
[  2673.114] (==) Assigned the driver to the xf86ConfigLayout
[  2673.114] (II) LoadModule: "vboxvideo"
[  2673.114] (WW) Warning, couldn't open module vboxvideo
[  2673.114] (II) UnloadModule: "vboxvideo"
[  2673.114] (II) Unloading vboxvideo
[  2673.114] (EE) Failed to load module "vboxvideo" (module does not exist, 0)
[  2673.114] (II) LoadModule: "modesetting"
[  2673.114] (II) Loading /usr/lib/xorg/modules/drivers/modesetting_drv.so
[  2673.116] (II) Module modesetting: vendor="X.Org Foundation"
[  2673.116] 	compiled for 1.19.6, module version = 1.19.6
[  2673.116] 	Module class: X.Org Video Driver
[  2673.116] 	ABI class: X.Org Video Driver, version 23.0
[  2673.116] (II) LoadModule: "fbdev"
[  2673.116] (II) Loading /usr/lib/xorg/modules/drivers/fbdev_drv.so
[  2673.117] (II) Module fbdev: vendor="X.Org Foundation"
[  2673.117] 	compiled for 1.19.3, module version = 0.4.4
[  2673.118] 	Module class: X.Org Video Driver
[  2673.118] 	ABI class: X.Org Video Driver, version 23.0
[  2673.118] (II) LoadModule: "vesa"
[  2673.118] (II) Loading /usr/lib/xorg/modules/drivers/vesa_drv.so
[  2673.119] (II) Module vesa: vendor="X.Org Foundation"
[  2673.119] 	compiled for 1.19.3, module version = 2.3.4
[  2673.119] 	Module class: X.Org Video Driver
[  2673.119] 	ABI class: X.Org Video Driver, version 23.0
[  2673.119] (==) Matched vboxvideo as autoconfigured driver 0
[  2673.119] (==) Matched vboxvideo as autoconfigured driver 1
[  2673.119] (==) Matched modesetting as autoconfigured driver 2
[  2673.119] (==) Matched fbdev as autoconfigured driver 3
[  2673.119] (==) Matched vesa as autoconfigured driver 4
[  2673.119] (==) Assigned the driver to the xf86ConfigLayout
[  2673.119] (II) LoadModule: "vboxvideo"
[  2673.119] (WW) Warning, couldn't open module vboxvideo
[  2673.119] (II) UnloadModule: "vboxvideo"
[  2673.119] (II) Unloading vboxvideo
[  2673.119] (EE) Failed to load module "vboxvideo" (module does not exist, 0)
[  2673.119] (II) LoadModule: "modesetting"
[  2673.119] (II) Loading /usr/lib/xorg/modules/drivers/modesetting_drv.so
[  2673.119] (II) Module modesetting: vendor="X.Org Foundation"
[  2673.119] 	compiled for 1.19.6, module version = 1.19.6
[  2673.119] 	Module class: X.Org Video Driver
[  2673.119] 	ABI class: X.Org Video Driver, version 23.0
[  2673.119] (II) UnloadModule: "modesetting"
[  2673.119] (II) Unloading modesetting
[  2673.119] (II) Failed to load module "modesetting" (already loaded, 0)
[  2673.119] (II) LoadModule: "fbdev"
[  2673.119] (II) Loading /usr/lib/xorg/modules/drivers/fbdev_drv.so
[  2673.119] (II) Module fbdev: vendor="X.Org Foundation"
[  2673.119] 	compiled for 1.19.3, module version = 0.4.4
[  2673.119] 	Module class: X.Org Video Driver
[  2673.119] 	ABI class: X.Org Video Driver, version 23.0
[  2673.119] (II) UnloadModule: "fbdev"
[  2673.119] (II) Unloading fbdev
[  2673.119] (II) Failed to load module "fbdev" (already loaded, 0)
[  2673.119] (II) LoadModule: "vesa"
[  2673.119] (II) Loading /usr/lib/xorg/modules/drivers/vesa_drv.so
[  2673.119] (II) Module vesa: vendor="X.Org Foundation"
[  2673.119] 	compiled for 1.19.3, module version = 2.3.4
[  2673.119] 	Module class: X.Org Video Driver
[  2673.119] 	ABI class: X.Org Video Driver, version 23.0
[  2673.119] (II) UnloadModule: "vesa"
[  2673.119] (II) Unloading vesa
[  2673.119] (II) Failed to load module "vesa" (already loaded, 0)
[  2673.119] (II) modesetting: Driver for Modesetting Kernel Drivers: kms
[  2673.119] (II) FBDEV: driver for framebuffer: fbdev
[  2673.119] (II) VESA: driver for VESA chipsets: vesa
[  2673.122] xf86EnableIOPorts: failed to set IOPL for I/O (Operation not permitted)
[  2673.122] (II) modeset(0): using drv /dev/dri/card0
[  2673.122] (WW) Falling back to old probe method for fbdev
[  2673.122] (II) Loading sub module "fbdevhw"
[  2673.122] (II) LoadModule: "fbdevhw"
[  2673.122] (II) Loading /usr/lib/xorg/modules/libfbdevhw.so
[  2673.124] (II) Module fbdevhw: vendor="X.Org Foundation"
[  2673.124] 	compiled for 1.19.6, module version = 0.0.2
[  2673.124] 	ABI class: X.Org Video Driver, version 23.0
[  2673.124] (EE) open /dev/fb0: Permission denied
[  2673.124] (WW) Falling back to old probe method for vesa
[  2673.124] (WW) VGA arbiter: cannot open kernel arbiter, no multi-card support
[  2673.124] (II) modeset(0): Creating default Display subsection in Screen section
	"Default Screen Section" for depth/fbbpp 24/32
[  2673.124] (==) modeset(0): Depth 24, (==) framebuffer bpp 32
[  2673.124] (==) modeset(0): RGB weight 888
[  2673.124] (==) modeset(0): Default visual is TrueColor
[  2673.124] (II) Loading sub module "glamoregl"
[  2673.124] (II) LoadModule: "glamoregl"
[  2673.124] (II) Loading /usr/lib/xorg/modules/libglamoregl.so
[  2673.136] (II) Module glamoregl: vendor="X.Org Foundation"
[  2673.137] 	compiled for 1.19.6, module version = 1.0.0
[  2673.137] 	ABI class: X.Org ANSI C Emulation, version 0.4
[  2673.137] (II) glamor: OpenGL accelerated X.org driver based.
[  2673.186] (II) glamor: EGL version 1.4 (DRI2):
[  2673.186] EGL_MESA_drm_image required.
[  2673.187] (EE) modeset(0): glamor initialization failed
[  2673.187] (II) modeset(0): ShadowFB: preferred NO, enabled NO
[  2673.187] (II) modeset(0): Output VGA-1 has no monitor section
[  2673.187] (II) modeset(0): EDID for output VGA-1
[  2673.187] (II) modeset(0): Manufacturer: VBX  Model: 0  Serial#: 39322400
[  2673.187] (II) modeset(0): Year: 1990  Week: 1
[  2673.187] (II) modeset(0): EDID Version: 1.3
[  2673.187] (II) modeset(0): Digital Display Input
[  2673.187] (II) modeset(0): Indeterminate output size
[  2673.187] (II) modeset(0): Gamma: 2.20
[  2673.187] (II) modeset(0): DPMS capabilities: StandBy Suspend Off
[  2673.187] (II) modeset(0): Supported color encodings: RGB 4:4:4 YCrCb 4:4:4 
[  2673.187] (II) modeset(0): Default color space is primary color space
[  2673.187] (II) modeset(0): First detailed timing is preferred mode
[  2673.187] (II) modeset(0): redX: 0.640 redY: 0.330   greenX: 0.300 greenY: 0.600
[  2673.187] (II) modeset(0): blueX: 0.150 blueY: 0.060   whiteX: 0.312 whiteY: 0.329
[  2673.187] (II) modeset(0): Manufacturer's mask: 0
[  2673.187] (II) modeset(0): Supported detailed timing:
[  2673.187] (II) modeset(0): clock: 29.3 MHz   Image Size:  0 x 0 mm
[  2673.187] (II) modeset(0): h_active: 800  h_sync: 802  h_sync_end 804 h_blank_end 806 h_border: 0
[  2673.187] (II) modeset(0): v_active: 600  v_sync: 600  v_sync_end 634 v_blanking: 606 v_border: 0
[  2673.187] (II) modeset(0): Ranges: V min: 0 V max: 200 Hz, H min: 0 H max: 200 kHz, PixClock max 1005 MHz
[  2673.187] (II) modeset(0): Monitor name: VBOX monitor
[  2673.187] (II) modeset(0): EDID (in hex):
[  2673.187] (II) modeset(0): 	00ffffffffffff005858000020035802
[  2673.187] (II) modeset(0): 	0100010380000078eeee91a3544c9926
[  2673.187] (II) modeset(0): 	0f505400000001010101010101010101
[  2673.187] (II) modeset(0): 	010101010101720b2006305806200202
[  2673.187] (II) modeset(0): 	0202000000000000000000fd0000c800
[  2673.187] (II) modeset(0): 	c864000a202020202020000000fc0056
[  2673.187] (II) modeset(0): 	424f58206d6f6e69746f720a00000010
[  2673.187] (II) modeset(0): 	000a202020202020202020202020008f
[  2673.187] (II) modeset(0): Printing probed modes for output VGA-1
[  2673.191] (II) modeset(0): Modeline "800x600"x60.0   38.31  800 832 912 1024  600 603 607 624 -hsync +vsync (37.4 kHz P)
[  2673.191] (II) modeset(0): Modeline "2560x1600"x60.0  348.50  2560 2752 3032 3504  1600 1603 1609 1658 -hsync +vsync (99.5 kHz e)
[  2673.191] (II) modeset(0): Modeline "2560x1600"x60.0  268.50  2560 2608 2640 2720  1600 1603 1609 1646 +hsync -vsync (98.7 kHz e)
[  2673.191] (II) modeset(0): Modeline "1920x1440"x60.0  234.00  1920 2048 2256 2600  1440 1441 1444 1500 -hsync +vsync (90.0 kHz e)
[  2673.191] (II) modeset(0): Modeline "1856x1392"x60.0  218.25  1856 1952 2176 2528  1392 1393 1396 1439 -hsync +vsync (86.3 kHz e)
[  2673.191] (II) modeset(0): Modeline "1792x1344"x60.0  204.75  1792 1920 2120 2448  1344 1345 1348 1394 -hsync +vsync (83.6 kHz e)
[  2673.191] (II) modeset(0): Modeline "2048x1152"x60.0  162.00  2048 2074 2154 2250  1152 1153 1156 1200 +hsync +vsync (72.0 kHz e)
[  2673.191] (II) modeset(0): Modeline "1920x1200"x59.9  193.25  1920 2056 2256 2592  1200 1203 1209 1245 -hsync +vsync (74.6 kHz e)
[  2673.191] (II) modeset(0): Modeline "1920x1200"x60.0  154.00  1920 1968 2000 2080  1200 1203 1209 1235 +hsync -vsync (74.0 kHz e)
[  2673.191] (II) modeset(0): Modeline "1920x1080"x60.0  148.50  1920 2008 2052 2200  1080 1084 1089 1125 -hsync -vsync (67.5 kHz e)
[  2673.191] (II) modeset(0): Modeline "1600x1200"x60.0  162.00  1600 1664 1856 2160  1200 1201 1204 1250 +hsync +vsync (75.0 kHz e)
[  2673.191] (II) modeset(0): Modeline "1680x1050"x60.0  146.25  1680 1784 1960 2240  1050 1053 1059 1089 -hsync +vsync (65.3 kHz e)
[  2673.191] (II) modeset(0): Modeline "1680x1050"x59.9  119.00  1680 1728 1760 1840  1050 1053 1059 1080 +hsync -vsync (64.7 kHz e)
[  2673.191] (II) modeset(0): Modeline "1400x1050"x60.0  121.75  1400 1488 1632 1864  1050 1053 1057 1089 -hsync +vsync (65.3 kHz e)
[  2673.191] (II) modeset(0): Modeline "1400x1050"x59.9  101.00  1400 1448 1480 1560  1050 1053 1057 1080 +hsync -vsync (64.7 kHz e)
[  2673.191] (II) modeset(0): Modeline "1600x900"x60.0  108.00  1600 1624 1704 1800  900 901 904 1000 +hsync +vsync (60.0 kHz e)
[  2673.191] (II) modeset(0): Modeline "1280x1024"x60.0  108.00  1280 1328 1440 1688  1024 1025 1028 1066 +hsync +vsync (64.0 kHz e)
[  2673.191] (II) modeset(0): Modeline "1440x900"x59.9  106.50  1440 1520 1672 1904  900 903 909 934 -hsync +vsync (55.9 kHz e)
[  2673.191] (II) modeset(0): Modeline "1440x900"x59.9   88.75  1440 1488 1520 1600  900 903 909 926 +hsync -vsync (55.5 kHz e)
[  2673.191] (II) modeset(0): Modeline "1280x960"x60.0  108.00  1280 1376 1488 1800  960 961 964 1000 +hsync +vsync (60.0 kHz e)
[  2673.191] (II) modeset(0): Modeline "1366x768"x59.8   85.50  1366 1436 1579 1792  768 771 774 798 +hsync +vsync (47.7 kHz e)
[  2673.191] (II) modeset(0): Modeline "1366x768"x60.0   72.00  1366 1380 1436 1500  768 769 772 800 +hsync +vsync (48.0 kHz e)
[  2673.191] (II) modeset(0): Modeline "1360x768"x60.0   85.50  1360 1424 1536 1792  768 771 777 795 +hsync +vsync (47.7 kHz e)
[  2673.191] (II) modeset(0): Modeline "1280x800"x59.8   83.50  1280 1352 1480 1680  800 803 809 831 -hsync +vsync (49.7 kHz e)
[  2673.191] (II) modeset(0): Modeline "1280x800"x59.9   71.00  1280 1328 1360 1440  800 803 809 823 +hsync -vsync (49.3 kHz e)
[  2673.191] (II) modeset(0): Modeline "1280x768"x59.9   79.50  1280 1344 1472 1664  768 771 778 798 -hsync +vsync (47.8 kHz e)
[  2673.191] (II) modeset(0): Modeline "1280x768"x60.0   68.25  1280 1328 1360 1440  768 771 778 790 +hsync -vsync (47.4 kHz e)
[  2673.191] (II) modeset(0): Modeline "1280x720"x60.0   74.25  1280 1390 1430 1650  720 725 730 750 +hsync +vsync (45.0 kHz e)
[  2673.191] (II) modeset(0): Modeline "1024x768"x60.0   65.00  1024 1048 1184 1344  768 771 777 806 -hsync -vsync (48.4 kHz e)
[  2673.191] (II) modeset(0): Modeline "800x600"x60.3   40.00  800 840 968 1056  600 601 605 628 +hsync +vsync (37.9 kHz e)
[  2673.191] (II) modeset(0): Modeline "800x600"x56.2   36.00  800 824 896 1024  600 601 603 625 +hsync +vsync (35.2 kHz e)
[  2673.191] (II) modeset(0): Modeline "848x480"x60.0   33.75  848 864 976 1088  480 486 494 517 +hsync +vsync (31.0 kHz e)
[  2673.191] (II) modeset(0): Modeline "640x480"x59.9   25.18  640 656 752 800  480 490 492 525 -hsync -vsync (31.5 kHz e)
[  2673.191] (II) modeset(0): Output VGA-1 connected
[  2673.191] (II) modeset(0): Using exact sizes for initial modes
[  2673.191] (II) modeset(0): Output VGA-1 using initial mode 800x600 +0+0
[  2673.191] (==) modeset(0): Using gamma correction (1.0, 1.0, 1.0)
[  2673.191] (==) modeset(0): DPI set to (96, 96)
[  2673.191] (II) Loading sub module "fb"
[  2673.191] (II) LoadModule: "fb"
[  2673.191] (II) Loading /usr/lib/xorg/modules/libfb.so
[  2673.194] (II) Module fb: vendor="X.Org Foundation"
[  2673.194] 	compiled for 1.19.6, module version = 1.0.0
[  2673.194] 	ABI class: X.Org ANSI C Emulation, version 0.4
[  2673.194] (II) UnloadModule: "fbdev"
[  2673.194] (II) Unloading fbdev
[  2673.194] (II) UnloadSubModule: "fbdevhw"
[  2673.194] (II) Unloading fbdevhw
[  2673.194] (II) UnloadModule: "vesa"
[  2673.194] (II) Unloading vesa
[  2673.194] (==) Depth 24 pixmap format is 32 bpp
[  2673.196] (==) modeset(0): Backing store enabled
[  2673.196] (==) modeset(0): Silken mouse enabled
[  2673.196] (II) modeset(0): RandR 1.2 enabled, ignore the following RandR disabled message.
[  2673.197] (==) modeset(0): DPMS enabled
[  2673.197] (--) RandR disabled
[  2673.204] (II) SELinux: Disabled on system
[  2673.205] (II) AIGLX: Screen 0 is not DRI2 capable
[  2673.205] (EE) AIGLX: reverting to software rendering
[  2673.212] (II) IGLX: enabled GLX_MESA_copy_sub_buffer
[  2673.214] (II) IGLX: Loaded and initialized swrast
[  2673.214] (II) GLX: Initialized DRISWRAST GL provider for screen 0
[  2673.214] (II) modeset(0): Damage tracking initialized
[  2673.214] (II) modeset(0): Setting screen physical size to 211 x 158
[  2673.279] (II) config/udev: Adding input device Power Button (/dev/input/event0)
[  2673.279] (**) Power Button: Applying InputClass "libinput keyboard catchall"
[  2673.279] (II) LoadModule: "libinput"
[  2673.279] (II) Loading /usr/lib/xorg/modules/input/libinput_drv.so
[  2673.285] (II) Module libinput: vendor="X.Org Foundation"
[  2673.285] 	compiled for 1.19.6, module version = 0.27.1
[  2673.285] 	Module class: X.Org XInput Driver
[  2673.285] 	ABI class: X.Org XInput driver, version 24.1
[  2673.286] (II) Using input driver 'libinput' for 'Power Button'
[  2673.300] (II) systemd-logind: got fd for /dev/input/event0 13:64 fd 20 paused 0
[  2673.300] (**) Power Button: always reports core events
[  2673.300] (**) Option "Device" "/dev/input/event0"
[  2673.301] (**) Option "_source" "server/udev"
[  2673.301] (II) event0  - Power Button: is tagged by udev as: Keyboard
[  2673.301] (II) event0  - Power Button: device is a keyboard
[  2673.301] (II) event0  - Power Button: device removed
[  2673.302] (**) Option "config_info" "udev:/sys/devices/LNXSYSTM:00/LNXPWRBN:00/input/input0/event0"
[  2673.303] (II) XINPUT: Adding extended input device "Power Button" (type: KEYBOARD, id 6)
[  2673.303] (**) Option "xkb_model" "pc105"
[  2673.303] (**) Option "xkb_layout" "us"
[  2673.303] (II) event0  - Power Button: is tagged by udev as: Keyboard
[  2673.303] (II) event0  - Power Button: device is a keyboard
[  2673.304] (II) config/udev: Adding input device Sleep Button (/dev/input/event1)
[  2673.304] (**) Sleep Button: Applying InputClass "libinput keyboard catchall"
[  2673.304] (II) Using input driver 'libinput' for 'Sleep Button'
[  2673.305] (II) systemd-logind: got fd for /dev/input/event1 13:65 fd 23 paused 0
[  2673.305] (**) Sleep Button: always reports core events
[  2673.305] (**) Option "Device" "/dev/input/event1"
[  2673.305] (**) Option "_source" "server/udev"
[  2673.307] (II) event1  - Sleep Button: is tagged by udev as: Keyboard
[  2673.307] (II) event1  - Sleep Button: device is a keyboard
[  2673.307] (II) event1  - Sleep Button: device removed
[  2673.307] (**) Option "config_info" "udev:/sys/devices/LNXSYSTM:00/LNXSLPBN:00/input/input1/event1"
[  2673.308] (II) XINPUT: Adding extended input device "Sleep Button" (type: KEYBOARD, id 7)
[  2673.308] (**) Option "xkb_model" "pc105"
[  2673.308] (**) Option "xkb_layout" "us"
[  2673.311] (II) event1  - Sleep Button: is tagged by udev as: Keyboard
[  2673.311] (II) event1  - Sleep Button: device is a keyboard
[  2673.312] (II) config/udev: Adding input device Video Bus (/dev/input/event3)
[  2673.313] (**) Video Bus: Applying InputClass "libinput keyboard catchall"
[  2673.313] (II) Using input driver 'libinput' for 'Video Bus'
[  2673.314] (II) systemd-logind: got fd for /dev/input/event3 13:67 fd 24 paused 0
[  2673.314] (**) Video Bus: always reports core events
[  2673.314] (**) Option "Device" "/dev/input/event3"
[  2673.314] (**) Option "_source" "server/udev"
[  2673.315] (II) event3  - Video Bus: is tagged by udev as: Keyboard
[  2673.315] (II) event3  - Video Bus: device is a keyboard
[  2673.315] (II) event3  - Video Bus: device removed
[  2673.315] (**) Option "config_info" "udev:/sys/devices/LNXSYSTM:00/LNXSYBUS:00/PNP0A03:00/LNXVIDEO:00/input/input4/event3"
[  2673.315] (II) XINPUT: Adding extended input device "Video Bus" (type: KEYBOARD, id 8)
[  2673.315] (**) Option "xkb_model" "pc105"
[  2673.315] (**) Option "xkb_layout" "us"
[  2673.316] (II) event3  - Video Bus: is tagged by udev as: Keyboard
[  2673.317] (II) event3  - Video Bus: device is a keyboard
[  2673.318] (II) config/udev: Adding input device VirtualBox mouse integration (/dev/input/event6)
[  2673.318] (**) VirtualBox mouse integration: Applying InputClass "libinput pointer catchall"
[  2673.318] (II) Using input driver 'libinput' for 'VirtualBox mouse integration'
[  2673.319] (II) systemd-logind: got fd for /dev/input/event6 13:70 fd 25 paused 0
[  2673.319] (**) VirtualBox mouse integration: always reports core events
[  2673.319] (**) Option "Device" "/dev/input/event6"
[  2673.320] (**) Option "_source" "server/udev"
[  2673.322] (II) event6  - VirtualBox mouse integration: is tagged by udev as: Mouse
[  2673.322] (II) event6  - VirtualBox mouse integration: device is a pointer
[  2673.322] (II) event6  - VirtualBox mouse integration: device removed
[  2673.322] (**) Option "config_info" "udev:/sys/devices/pci0000:00/0000:00:04.0/input/input7/event6"
[  2673.322] (II) XINPUT: Adding extended input device "VirtualBox mouse integration" (type: MOUSE, id 9)
[  2673.322] (**) Option "AccelerationScheme" "none"
[  2673.323] (**) VirtualBox mouse integration: (accel) selected scheme none/0
[  2673.323] (**) VirtualBox mouse integration: (accel) acceleration factor: 2.000
[  2673.323] (**) VirtualBox mouse integration: (accel) acceleration threshold: 4
[  2673.324] (II) event6  - VirtualBox mouse integration: is tagged by udev as: Mouse
[  2673.324] (II) event6  - VirtualBox mouse integration: device is a pointer
[  2673.325] (II) config/udev: Adding input device VirtualBox mouse integration (/dev/input/js1)
[  2673.325] (II) No input driver specified, ignoring this device.
[  2673.325] (II) This device may have been added with another device file.
[  2673.328] (II) config/udev: Adding input device VirtualBox USB Tablet (/dev/input/event5)
[  2673.328] (**) VirtualBox USB Tablet: Applying InputClass "libinput pointer catchall"
[  2673.328] (II) Using input driver 'libinput' for 'VirtualBox USB Tablet'
[  2673.388] (II) systemd-logind: got fd for /dev/input/event5 13:69 fd 26 paused 0
[  2673.388] (**) VirtualBox USB Tablet: always reports core events
[  2673.388] (**) Option "Device" "/dev/input/event5"
[  2673.388] (**) Option "_source" "server/udev"
[  2673.389] (II) event5  - VirtualBox USB Tablet: is tagged by udev as: Mouse
[  2673.389] (II) event5  - VirtualBox USB Tablet: device is a pointer
[  2673.389] (II) event5  - VirtualBox USB Tablet: device removed
[  2673.389] (**) Option "config_info" "udev:/sys/devices/pci0000:00/0000:00:06.0/usb1/1-1/1-1:1.0/0003:80EE:0021.0001/input/input6/event5"
[  2673.389] (II) XINPUT: Adding extended input device "VirtualBox USB Tablet" (type: MOUSE, id 10)
[  2673.389] (**) Option "AccelerationScheme" "none"
[  2673.389] (**) VirtualBox USB Tablet: (accel) selected scheme none/0
[  2673.389] (**) VirtualBox USB Tablet: (accel) acceleration factor: 2.000
[  2673.389] (**) VirtualBox USB Tablet: (accel) acceleration threshold: 4
[  2673.390] (II) event5  - VirtualBox USB Tablet: is tagged by udev as: Mouse
[  2673.390] (II) event5  - VirtualBox USB Tablet: device is a pointer
[  2673.390] (II) config/udev: Adding input device VirtualBox USB Tablet (/dev/input/js0)
[  2673.390] (II) No input driver specified, ignoring this device.
[  2673.390] (II) This device may have been added with another device file.
[  2673.390] (II) config/udev: Adding input device VirtualBox USB Tablet (/dev/input/mouse1)
[  2673.391] (II) No input driver specified, ignoring this device.
[  2673.391] (II) This device may have been added with another device file.
[  2673.391] (II) config/udev: Adding input device AT Translated Set 2 keyboard (/dev/input/event2)
[  2673.391] (**) AT Translated Set 2 keyboard: Applying InputClass "libinput keyboard catchall"
[  2673.391] (II) Using input driver 'libinput' for 'AT Translated Set 2 keyboard'
[  2673.393] (II) systemd-logind: got fd for /dev/input/event2 13:66 fd 27 paused 0
[  2673.393] (**) AT Translated Set 2 keyboard: always reports core events
[  2673.393] (**) Option "Device" "/dev/input/event2"
[  2673.393] (**) Option "_source" "server/udev"
[  2673.400] (II) event2  - AT Translated Set 2 keyboard: is tagged by udev as: Keyboard
[  2673.400] (II) event2  - AT Translated Set 2 keyboard: device is a keyboard
[  2673.400] (II) event2  - AT Translated Set 2 keyboard: device removed
[  2673.400] (**) Option "config_info" "udev:/sys/devices/platform/i8042/serio0/input/input2/event2"
[  2673.400] (II) XINPUT: Adding extended input device "AT Translated Set 2 keyboard" (type: KEYBOARD, id 11)
[  2673.400] (**) Option "xkb_model" "pc105"
[  2673.400] (**) Option "xkb_layout" "us"
[  2673.401] (II) event2  - AT Translated Set 2 keyboard: is tagged by udev as: Keyboard
[  2673.401] (II) event2  - AT Translated Set 2 keyboard: device is a keyboard
[  2673.402] (II) config/udev: Adding input device ImExPS/2 Generic Explorer Mouse (/dev/input/event4)
[  2673.403] (**) ImExPS/2 Generic Explorer Mouse: Applying InputClass "libinput pointer catchall"
[  2673.403] (II) Using input driver 'libinput' for 'ImExPS/2 Generic Explorer Mouse'
[  2673.404] (II) systemd-logind: got fd for /dev/input/event4 13:68 fd 28 paused 0
[  2673.404] (**) ImExPS/2 Generic Explorer Mouse: always reports core events
[  2673.404] (**) Option "Device" "/dev/input/event4"
[  2673.404] (**) Option "_source" "server/udev"
[  2673.405] (II) event4  - ImExPS/2 Generic Explorer Mouse: is tagged by udev as: Mouse
[  2673.405] (II) event4  - ImExPS/2 Generic Explorer Mouse: device is a pointer
[  2673.405] (II) event4  - ImExPS/2 Generic Explorer Mouse: device removed
[  2673.405] (**) Option "config_info" "udev:/sys/devices/platform/i8042/serio1/input/input5/event4"
[  2673.405] (II) XINPUT: Adding extended input device "ImExPS/2 Generic Explorer Mouse" (type: MOUSE, id 12)
[  2673.406] (**) Option "AccelerationScheme" "none"
[  2673.406] (**) ImExPS/2 Generic Explorer Mouse: (accel) selected scheme none/0
[  2673.406] (**) ImExPS/2 Generic Explorer Mouse: (accel) acceleration factor: 2.000
[  2673.406] (**) ImExPS/2 Generic Explorer Mouse: (accel) acceleration threshold: 4
[  2673.412] (II) event4  - ImExPS/2 Generic Explorer Mouse: is tagged by udev as: Mouse
[  2673.412] (II) event4  - ImExPS/2 Generic Explorer Mouse: device is a pointer
[  2673.414] (II) config/udev: Adding input device ImExPS/2 Generic Explorer Mouse (/dev/input/mouse0)
[  2673.414] (II) No input driver specified, ignoring this device.
[  2673.414] (II) This device may have been added with another device file.
[  2674.515] (II) modeset(0): EDID vendor "VBX", prod id 0
[  2674.515] (II) modeset(0): DDCModeFromDetailedTiming: 800x600 Warning: We only handle separate sync.
[  2674.515] (II) modeset(0): Using EDID range info for horizontal sync
[  2674.515] (II) modeset(0): Using EDID range info for vertical refresh
[  2678.899] (II) modeset(0): EDID vendor "VBX", prod id 0
[  2678.899] (II) modeset(0): DDCModeFromDetailedTiming: 800x600 Warning: We only handle separate sync.
[  2678.899] (II) modeset(0): Using hsync ranges from config file
[  2678.899] (II) modeset(0): Using vrefresh ranges from config file
[  2714.683] (II) modeset(0): EDID vendor "VBX", prod id 0
[  2714.699] (II) modeset(0): DDCModeFromDetailedTiming: 800x600 Warning: We only handle separate sync.
[  2714.699] (II) modeset(0): Using hsync ranges from config file
[  2714.699] (II) modeset(0): Using vrefresh ranges from config file
[  5450.113] (II) config/udev: removing device VirtualBox USB Tablet
[  5450.121] (**) Option "fd" "26"
[  5450.134] (II) event5  - VirtualBox USB Tablet: device removed
[  5450.309] (II) UnloadModule: "libinput"
[  5450.309] (II) systemd-logind: releasing fd for 13:69
[  5450.320] (EE) systemd-logind: failed to release device: Device not taken
[  5450.323] (II) modeset(0): EDID vendor "VBX", prod id 0
[  5450.323] (II) modeset(0): DDCModeFromDetailedTiming: 800x600 Warning: We only handle separate sync.
[  5450.323] (II) modeset(0): Using hsync ranges from config file
[  5450.323] (II) modeset(0): Using vrefresh ranges from config file
[  5451.053] (II) config/udev: Adding input device VirtualBox USB Tablet (/dev/input/mouse1)
[  5451.055] (II) No input driver specified, ignoring this device.
[  5451.055] (II) This device may have been added with another device file.
[  5451.055] (II) config/udev: Adding input device VirtualBox USB Tablet (/dev/input/js0)
[  5451.056] (II) No input driver specified, ignoring this device.
[  5451.056] (II) This device may have been added with another device file.
[  5451.184] (II) config/udev: Adding input device VirtualBox USB Tablet (/dev/input/event5)
[  5451.187] (**) VirtualBox USB Tablet: Applying InputClass "libinput pointer catchall"
[  5451.191] (II) Using input driver 'libinput' for 'VirtualBox USB Tablet'
[  5451.268] (II) systemd-logind: got fd for /dev/input/event5 13:69 fd 42 paused 0
[  5451.272] (**) VirtualBox USB Tablet: always reports core events
[  5451.286] (**) Option "Device" "/dev/input/event5"
[  5451.287] (**) Option "_source" "server/udev"
[  5451.356] (II) event5  - VirtualBox USB Tablet: is tagged by udev as: Mouse
[  5451.356] (II) event5  - VirtualBox USB Tablet: device is a pointer
[  5451.357] (II) event5  - VirtualBox USB Tablet: device removed
[  5451.357] (**) Option "config_info" "udev:/sys/devices/pci0000:00/0000:00:06.0/usb1/1-1/1-1:1.0/0003:80EE:0021.0002/input/input8/event5"
[  5451.358] (II) XINPUT: Adding extended input device "VirtualBox USB Tablet" (type: MOUSE, id 10)
[  5451.364] (**) Option "AccelerationScheme" "none"
[  5451.369] (**) VirtualBox USB Tablet: (accel) selected scheme none/0
[  5451.369] (**) VirtualBox USB Tablet: (accel) acceleration factor: 2.000
[  5451.369] (**) VirtualBox USB Tablet: (accel) acceleration threshold: 4
[  5451.372] (II) event5  - VirtualBox USB Tablet: is tagged by udev as: Mouse
[  5451.372] (II) event5  - VirtualBox USB Tablet: device is a pointer
[  6801.098] (II) event4  - ImExPS/2 Generic Explorer Mouse: Enabling spurious button debouncing, see https://wayland.freedesktop.org/libinput/doc/1.10.4/button_debouncing.html for details
